[90m2024-03-04T16:42:44.266Z[39m [96mINFO[39m [97m@wdio/browserstack-service[39m app is not defined in browserstack-service config, skipping ...
[90m2024-03-04T16:42:44.267Z[39m [32mDEBUG[39m [97m@wdio/browserstack-service[39m Sending launch start event
[90m2024-03-04T16:42:45.688Z[39m [32mDEBUG[39m [97m@wdio/browserstack-service[39m [Start_Build] Success response: {"build_hashed_id":"zajeujxclnvu025n0qvrpmgvyfq30oh9xt9ptcjm","jwt":"eyJhbGciOiJIUzI1NiJ9.eyJpc3MiOiJicm93c2Vyc3RhY2tfb2IiLCJzdWIiOiI3MDExMDU5IiwiZ3JvdXBfaWQiOjY5MTkxNjgsInVzZXJfaWQiOjcwMTEwNTksImJ1aWxkX2hhc2hlZF9pZCI6InphamV1anhjbG52dTAyNW4wcXZycG1ndnlmcTMwb2g5eHQ5cHRjam0iLCJob29rX2FzX3Rlc3QiOiIxIiwiaWF0IjoxNzA5NTcwNTY1LCJleHAiOjE3MDk5MTYxNjV9.x_I8qr9xyxXIWceSE1Nd9YO-QiwM8QdTrJSBmmu79Oo","allow_screenshots":true}
[90m2024-03-04T16:42:45.689Z[39m [96mINFO[39m [97m@wdio/browserstack-service[39m browserstackLocal is not enabled - skipping...
[90m2024-03-04T16:43:08.607Z[39m [32mDEBUG[39m [97m@wdio/browserstack-service[39m Requesting Browserstack session URL at https://api-cloud.browserstack.com/app-automate/sessions/56cb2fdfd9db0fe99f051ec925b85901c82fa04e.json
[90m2024-03-04T16:43:09.320Z[39m [96mINFO[39m [97m@wdio/browserstack-service[39m  session: https://app-automate.browserstack.com/builds/f659a2c17323bdfac7d847bb52e09ca2033b125a/sessions/56cb2fdfd9db0fe99f051ec925b85901c82fa04e
[90m2024-03-04T16:43:09.325Z[39m [96mINFO[39m [97m@wdio/browserstack-service[39m Update job with sessionId 56cb2fdfd9db0fe99f051ec925b85901c82fa04e
[90m2024-03-04T16:43:09.325Z[39m [32mDEBUG[39m [97m@wdio/browserstack-service[39m Updating Browserstack session at https://api-cloud.browserstack.com/app-automate/sessions/56cb2fdfd9db0fe99f051ec925b85901c82fa04e.json with request body: 
[90m2024-03-04T16:43:10.063Z[39m [96mINFO[39m [97m@wdio/browserstack-service[39m Update job with sessionId 56cb2fdfd9db0fe99f051ec925b85901c82fa04e
[90m2024-03-04T16:43:10.063Z[39m [32mDEBUG[39m [97m@wdio/browserstack-service[39m Updating Browserstack session at https://api-cloud.browserstack.com/app-automate/sessions/56cb2fdfd9db0fe99f051ec925b85901c82fa04e.json with request body: 
[90m2024-03-04T16:43:10.906Z[39m [32mDEBUG[39m [97m@wdio/browserstack-service[39m Added data to request queue. Queue length = 1
[90m2024-03-04T16:43:11.503Z[39m [32mDEBUG[39m [97m@wdio/browserstack-service[39m Added data to request queue. Queue length = 2
[90m2024-03-04T16:43:12.049Z[39m [32mDEBUG[39m [97m@wdio/browserstack-service[39m Added data to request queue. Queue length = 3
[90m2024-03-04T16:43:12.453Z[39m [32mDEBUG[39m [97m@wdio/browserstack-service[39m Sending data from request queue. Data length = 3, Queue length after removal = 0
[90m2024-03-04T16:43:13.275Z[39m [32mDEBUG[39m [97m@wdio/browserstack-service[39m Added data to request queue. Queue length = 1
[90m2024-03-04T16:43:13.501Z[39m [32mDEBUG[39m [97m@wdio/browserstack-service[39m [INTERVAL_QUEUE] Success response: {"success":true}
[90m2024-03-04T16:43:13.796Z[39m [32mDEBUG[39m [97m@wdio/browserstack-service[39m Added data to request queue. Queue length = 2
[90m2024-03-04T16:43:13.798Z[39m [32mDEBUG[39m [97m@wdio/browserstack-service[39m Added data to request queue. Queue length = 3
[90m2024-03-04T16:43:13.798Z[39m [32mDEBUG[39m [97m@wdio/browserstack-service[39m Accessibility after test hook. Before sending test stop event
[90m2024-03-04T16:43:13.799Z[39m [96mINFO[39m [97m@wdio/browserstack-service[39m Update job with sessionId 56cb2fdfd9db0fe99f051ec925b85901c82fa04e
[90m2024-03-04T16:43:13.800Z[39m [32mDEBUG[39m [97m@wdio/browserstack-service[39m Updating Browserstack session at https://api-cloud.browserstack.com/app-automate/sessions/56cb2fdfd9db0fe99f051ec925b85901c82fa04e.json with request body: 
[90m2024-03-04T16:43:14.338Z[39m [32mDEBUG[39m [97m@wdio/browserstack-service[39m Added data to request queue. Queue length = 4
[90m2024-03-04T16:43:14.463Z[39m [32mDEBUG[39m [97m@wdio/browserstack-service[39m Sending data from request queue. Data length = 4, Queue length after removal = 0
[90m2024-03-04T16:43:14.724Z[39m [32mDEBUG[39m [97m@wdio/browserstack-service[39m [INTERVAL_QUEUE] Success response: {"success":true}
[90m2024-03-04T16:43:14.940Z[39m [32mDEBUG[39m [97m@wdio/browserstack-service[39m Added data to request queue. Queue length = 1
[90m2024-03-04T16:43:16.211Z[39m [32mDEBUG[39m [97m@wdio/browserstack-service[39m Added data to request queue. Queue length = 2
[90m2024-03-04T16:43:16.464Z[39m [32mDEBUG[39m [97m@wdio/browserstack-service[39m Sending data from request queue. Data length = 2, Queue length after removal = 0
[90m2024-03-04T16:43:16.750Z[39m [32mDEBUG[39m [97m@wdio/browserstack-service[39m [INTERVAL_QUEUE] Success response: {"success":true}
[90m2024-03-04T16:43:16.798Z[39m [32mDEBUG[39m [97m@wdio/browserstack-service[39m Added data to request queue. Queue length = 1
[90m2024-03-04T16:43:18.472Z[39m [32mDEBUG[39m [97m@wdio/browserstack-service[39m Sending data from request queue. Data length = 1, Queue length after removal = 0
[90m2024-03-04T16:43:18.569Z[39m [32mDEBUG[39m [97m@wdio/browserstack-service[39m Added data to request queue. Queue length = 1
[90m2024-03-04T16:43:18.737Z[39m [32mDEBUG[39m [97m@wdio/browserstack-service[39m [INTERVAL_QUEUE] Success response: {"success":true}
[90m2024-03-04T16:43:19.223Z[39m [32mDEBUG[39m [97m@wdio/browserstack-service[39m Added data to request queue. Queue length = 2
[90m2024-03-04T16:43:19.735Z[39m [32mDEBUG[39m [97m@wdio/browserstack-service[39m Added data to request queue. Queue length = 3
[90m2024-03-04T16:43:20.412Z[39m [32mDEBUG[39m [97m@wdio/browserstack-service[39m Added data to request queue. Queue length = 4
[90m2024-03-04T16:43:20.476Z[39m [32mDEBUG[39m [97m@wdio/browserstack-service[39m Sending data from request queue. Data length = 4, Queue length after removal = 0
[90m2024-03-04T16:43:20.738Z[39m [32mDEBUG[39m [97m@wdio/browserstack-service[39m [INTERVAL_QUEUE] Success response: {"success":true}
[90m2024-03-04T16:43:20.937Z[39m [32mDEBUG[39m [97m@wdio/browserstack-service[39m Added data to request queue. Queue length = 1
[90m2024-03-04T16:43:21.657Z[39m [32mDEBUG[39m [97m@wdio/browserstack-service[39m Added data to request queue. Queue length = 2
[90m2024-03-04T16:43:22.247Z[39m [32mDEBUG[39m [97m@wdio/browserstack-service[39m Added data to request queue. Queue length = 3
[90m2024-03-04T16:43:22.481Z[39m [32mDEBUG[39m [97m@wdio/browserstack-service[39m Sending data from request queue. Data length = 3, Queue length after removal = 0
[90m2024-03-04T16:43:22.754Z[39m [32mDEBUG[39m [97m@wdio/browserstack-service[39m [INTERVAL_QUEUE] Success response: {"success":true}
[90m2024-03-04T16:43:23.216Z[39m [32mDEBUG[39m [97m@wdio/browserstack-service[39m Added data to request queue. Queue length = 1
[90m2024-03-04T16:43:23.839Z[39m [32mDEBUG[39m [97m@wdio/browserstack-service[39m Added data to request queue. Queue length = 2
[90m2024-03-04T16:43:24.485Z[39m [32mDEBUG[39m [97m@wdio/browserstack-service[39m Sending data from request queue. Data length = 2, Queue length after removal = 0
[90m2024-03-04T16:43:24.689Z[39m [32mDEBUG[39m [97m@wdio/browserstack-service[39m Added data to request queue. Queue length = 1
[90m2024-03-04T16:43:24.749Z[39m [32mDEBUG[39m [97m@wdio/browserstack-service[39m [INTERVAL_QUEUE] Success response: {"success":true}
[90m2024-03-04T16:43:25.230Z[39m [32mDEBUG[39m [97m@wdio/browserstack-service[39m Added data to request queue. Queue length = 2
[90m2024-03-04T16:43:25.840Z[39m [32mDEBUG[39m [97m@wdio/browserstack-service[39m Added data to request queue. Queue length = 3
[90m2024-03-04T16:43:26.353Z[39m [32mDEBUG[39m [97m@wdio/browserstack-service[39m Added data to request queue. Queue length = 4
[90m2024-03-04T16:43:26.356Z[39m [32mDEBUG[39m [97m@wdio/browserstack-service[39m Added data to request queue. Queue length = 5
[90m2024-03-04T16:43:26.356Z[39m [32mDEBUG[39m [97m@wdio/browserstack-service[39m Accessibility after test hook. Before sending test stop event
[90m2024-03-04T16:43:26.360Z[39m [96mINFO[39m [97m@wdio/browserstack-service[39m Update job with sessionId 56cb2fdfd9db0fe99f051ec925b85901c82fa04e
[90m2024-03-04T16:43:26.361Z[39m [32mDEBUG[39m [97m@wdio/browserstack-service[39m Updating Browserstack session at https://api-cloud.browserstack.com/app-automate/sessions/56cb2fdfd9db0fe99f051ec925b85901c82fa04e.json with request body: 
[90m2024-03-04T16:43:26.489Z[39m [32mDEBUG[39m [97m@wdio/browserstack-service[39m Sending data from request queue. Data length = 5, Queue length after removal = 0
[90m2024-03-04T16:43:26.753Z[39m [32mDEBUG[39m [97m@wdio/browserstack-service[39m [INTERVAL_QUEUE] Success response: {"success":true}
[90m2024-03-04T16:43:27.280Z[39m [32mDEBUG[39m [97m@wdio/browserstack-service[39m Shutting down request queue
[90m2024-03-04T16:43:28.684Z[39m [32mDEBUG[39m [97m@wdio/browserstack-service[39m Added data to request queue. Queue length = 1
[90m2024-03-04T16:43:28.684Z[39m [32mDEBUG[39m [97m@wdio/browserstack-service[39m Force request-queue shutdown, as test run event is received after teardown
[90m2024-03-04T16:43:28.684Z[39m [32mDEBUG[39m [97m@wdio/browserstack-service[39m Resetting request queue
[90m2024-03-04T16:43:28.684Z[39m [32mDEBUG[39m [97m@wdio/browserstack-service[39m Sending data from request queue. Data length = 1, Queue length after removal = 0
[90m2024-03-04T16:43:28.815Z[39m [32mDEBUG[39m [97m@wdio/browserstack-service[39m Inside OnComplete hook..
[90m2024-03-04T16:43:28.815Z[39m [32mDEBUG[39m [97m@wdio/browserstack-service[39m Sending stop launch event
[90m2024-03-04T16:43:29.109Z[39m [32mDEBUG[39m [97m@wdio/browserstack-service[39m [STOP_BUILD] Success response: ""
[90m2024-03-04T16:43:30.433Z[39m [32mDEBUG[39m [97m@wdio/browserstack-service[39m Response - {
  status: 'success',
  message: 'Logs upload successful in file - logs.gz'
}
